[7211, 5949, 9910, 8708, 7351, 749, 5120, 3126, 7477, 2333]
2015/02/15 23:38:21
Iteartion: 1
New Distance is: 2.09667720922503E7
Now updating the clusters
Updating done!
2015/02/15 23:39:20
2015/02/15 23:39:20
Iteartion: 2
New Distance is: 1.6306205356241558E7
Now updating the clusters
Updating done!
2015/02/15 23:39:58
2015/02/15 23:39:58
Iteartion: 3
New Distance is: 1.5929982355320811E7
Now updating the clusters
Updating done!
2015/02/15 23:40:38
2015/02/15 23:40:38
Iteartion: 4
New Distance is: 1.5816253228010109E7
Now updating the clusters
Updating done!
2015/02/15 23:41:18
2015/02/15 23:41:18
Iteartion: 5
New Distance is: 1.576811916986889E7
Now updating the clusters
Updating done!
2015/02/15 23:41:59
2015/02/15 23:41:59
Iteartion: 6
New Distance is: 1.5743667533332245E7
Now updating the clusters
Updating done!
2015/02/15 23:42:39
2015/02/15 23:42:39
Iteartion: 7
New Distance is: 1.5731702611050202E7
Now updating the clusters
Updating done!
2015/02/15 23:43:19
2015/02/15 23:43:19
Iteartion: 8
New Distance is: 1.5725309333895687E7
Now updating the clusters
Updating done!
2015/02/15 23:44:00
2015/02/15 23:44:00
Iteartion: 9
New Distance is: 1.5721388784192836E7
Now updating the clusters
Updating done!
2015/02/15 23:44:41
2015/02/15 23:44:41
Iteartion: 10
New Distance is: 1.5719287935192008E7
Now updating the clusters
Updating done!
2015/02/15 23:45:22
Cluster ID: 1 Includes the following data vectors: 
8
11
22
33
35
54
66
81
82
88
91
98
106
119
123
130
131
138
147
156
161
164
174
199
201
208
222
258
278
285
293
298
339
353
361
366
384
390
392
400
418
423
446
461
462
463
472
503
513
516
517
534
539
549
553
559
568
587
600
602
607
612
623
625
632
633
665
680
690
715
717
731
732
737
744
764
796
799
817
820
823
858
860
861
863
868
873
875
886
888
892
903
905
921
926
937
940
942
973
986
989
995
1016
1031
1035
1049
1053
1064
1079
1106
1112
1123
1132
1161
1162
1191
1199
1207
1210
1245
1266
1292
1307
1332
1337
1341
1348
1362
1365
1373
1377
1381
1387
1388
1407
1420
1450
1451
1456
1458
1459
1485
1491
1506
1536
1546
1574
1577
1578
1585
1609
1620
1627
1632
1642
1662
1682
1685
1744
1795
1800
1802
1818
1831
1843
1854
1857
1858
1863
1880
1890
1891
1895
1905
1921
1930
1932
1936
1947
1957
1971
1974
1991
1996
2005
2006
2026
2039
2055
2057
2062
2097
2101
2140
2144
2145
2150
2156
2158
2170
2176
2183
2184
2194
2231
2248
2253
2260
2266
2267
2286
2293
2311
2319
2321
2331
2337
2350
2352
2353
2360
2380
2383
2391
2404
2415
2428
2458
2465
2468
2469
2471
2483
2486
2491
2495
2503
2572
2601
2609
2621
2631
2643
2662
2664
2669
2672
2679
2702
2711
2718
2726
2728
2729
2737
2738
2741
2752
2754
2759
2782
2784
2787
2791
2795
2801
2826
2830
2831
2846
2860
2864
2876
2904
2910
2918
2976
2980
2981
3004
3021
3031
3035
3036
3037
3048
3057
3058
3067
3071
3073
3081
3088
3105
3116
3118
3121
3134
3142
3144
3156
3164
3181
3182
3187
3201
3209
3212
3223
3256
3257
3260
3270
3273
3293
3307
3331
3355
3362
3367
3382
3383
3394
3395
3396
3402
3403
3415
3422
3435
3447
3482
3488
3508
3513
3524
3539
3542
3545
3547
3554
3560
3602
3603
3614
3622
3628
3657
3661
3665
3668
3671
3675
3682
3683
3697
3705
3712
3714
3723
3729
3731
3775
3780
3802
3817
3822
3823
3827
3835
3844
3884
3886
3899
3912
3913
3914
3921
3923
3932
3933
3935
3939
3945
3948
3958
3963
3975
3979
4003
4008
4022
4045
4051
4055
4066
4078
4098
4111
4113
4115
4125
4133
4139
4149
4160
4161
4176
4189
4193
4204
4250
4275
4279
4296
4326
4342
4345
4346
4367
4374
4388
4394
4395
4416
4418
4439
4441
4445
4446
4464
4466
4484
4499
4510
4517
4547
4557
4558
4559
4562
4571
4575
4587
4591
4615
4627
4636
4680
4684
4694
4698
4709
4713
4716
4725
4765
4775
4779
4787
4870
4874
4875
4882
4908
4914
4920
4926
4934
4944
4962
4980
5007
5010
5012
5018
5024
5030
5034
5037
5045
5057
5066
5085
5086
5088
5089
5095
5105
5115
5116
5117
5119
5120
5125
5127
5145
5153
5161
5171
5199
5213
5218
5221
5230
5235
5250
5263
5265
5272
5276
5282
5286
5292
5296
5303
5304
5308
5332
5338
5340
5341
5354
5366
5367
5378
5381
5383
5385
5390
5392
5409
5411
5417
5421
5427
5436
5441
5449
5455
5458
5467
5469
5475
5481
5484
5487
5497
5501
5502
5511
5539
5545
5556
5558
5568
5581
5591
5595
5599
5605
5609
5619
5629
5636
5641
5643
5660
5665
5667
5681
5690
5692
5693
5694
5702
5712
5715
5723
5727
5733
5736
5739
5743
5748
5749
5755
5761
5763
5767
5768
5770
5771
5772
5785
5788
5793
5799
5810
5814
5820
5823
5826
5829
5834
5840
5844
5849
5883
5884
5888
5891
5895
5898
5909
5928
5934
5938
5944
5948
5954
5958
5963
5966
5974
5983
5994
6002
6010
6014
6027
6029
6031
6036
6038
6041
6051
6057
6064
6068
6078
6084
6088
6094
6104
6106
6109
6113
6118
6122
6123
6128
6130
6134
6156
6167
6179
6180
6183
6187
6193
6197
6203
6207
6217
6218
6225
6229
6234
6237
6240
6246
6252
6258
6261
6266
6274
6279
6281
6283
6294
6301
6305
6311
6315
6321
6324
6325
6330
6334
6337
6340
6345
6350
6352
6354
6355
6357
6384
6385
6387
6388
6390
6391
6392
6399
6400
6402
6406
6412
6423
6425
6428
6431
6439
6459
6462
6463
6466
6469
6479
6497
6498
6499
6509
6513
6519
6521
6528
6531
6534
6538
6541
6549
6550
6562
6566
6574
6581
6584
6591
6594
6613
6614
6615
6616
6630
6635
6675
6685
6693
6698
6703
6707
6713
6717
6754
6764
6771
6773
6774
6777
6792
6796
6797
6804
6814
6824
6842
6846
6847
6872
6881
6893
6896
6929
6933
6939
6943
6949
6953
6962
6966
6987
6989
6993
6994
7001
7002
7007
7012
7013
7015
7017
7020
7022
7038
7039
7042
7050
7051
7054
7058
7068
7074
7078
7093
7100
7105
7110
7113
7116
7120
7122
7147
7151
7152
7154
7156
7158
7159
7163
7166
7172
7184
7188
7192
7196
7205
7213
7229
7237
7239
7245
7266
7271
7281
7285
7291
7295
7305
7308
7310
7314
7321
7327
7328
7331
7335
7343
7345
7346
7348
7354
7358
7359
7363
7364
7386
7387
7389
7400
7404
7406
7409
7412
7415
7438
7443
7461
7482
7483
7486
7503
7508
7512
7522
7532
7540
7547
7548
7564
7570
7572
7576
7585
7596
7609
7613
7627
7635
7667
7668
7670
7678
7681
7684
7685
7705
7709
7710
7712
7721
7729
7733
7739
7743
7749
7753
7758
7761
7762
7768
7772
7773
7778
7779
7781
7785
7787
7789
7792
7794
7797
7800
7815
7816
7821
7824
7840
7843
7848
7850
7858
7876
7880
7891
7894
7897
7904
7905
7906
7909
7914
7917
7922
7925
7929
7930
7935
7939
7945
7949
7955
7959
7970
7975
7977
7986
7992
7994
8000
8013
8018
8019
8024
8025
8031
8036
8040
8041
8042
8047
8061
8063
8073
8081
8083
8096
8103
8108
8112
8116
8123
8129
8133
8139
8143
8148
8153
8161
8169
8174
8177
8191
8200
8208
8211
8225
8237
8238
8240
8245
8256
8287
8291
8292
8295
8311
8315
8320
8326
8333
8336
8341
8345
8349
8361
8365
8368
8377
8380
8385
8394
8399
8409
8423
8424
8433
8438
8441
8446
8450
8454
8460
8464
8470
8474
8478
8482
8495
8498
8499
8515
8516
8517
8521
8532
8542
8544
8546
8550
8554
8560
8564
8569
8572
8579
8580
8588
8592
8594
8605
8612
8615
8622
8625
8628
8637
8644
8646
8647
8648
8668
8673
8677
8683
8687
8693
8697
8704
8707
8712
8714
8719
8721
8732
8739
8744
8746
8760
8769
8771
8779
8789
8792
8793
8794
8800
8804
8810
8814
8820
8824
8828
8830
8831
8838
8844
8848
8852
8869
8870
8880
8884
8888
8890
8896
8901
8902
8907
8908
8915
8923
8936
8937
8943
8950
8966
8968
8969
8973
8990
8996
8997
9001
9009
9014
9018
9021
9029
9040
9041
9045
9048
9050
9053
9058
9062
9066
9076
9086
9091
9103
9111
9122
9123
9127
9130
9138
9146
9148
9149
9178
9181
9185
9191
9195
9201
9207
9209
9210
9215
9226
9240
9246
9247
9251
9256
9259
9266
9269
9278
9303
9306
9309
9312
9317
9318
9334
9341
9343
9355
9359
9361
9364
9366
9369
9373
9379
9383
9389
9392
9403
9417
9421
9424
9426
9437
9441
9442
9454
9461
9470
9475
9476
9477
9480
9487
9494
9500
9504
9510
9514
9521
9529
9531
9532
9547
9555
9568
9569
9577
9578
9589
9597
9598
9623
9635
9658
9665
9678
9706
9710
9720
9730
9756
9775
9776
9778
9782
9794
9798
9873
9921
9933
9947
9949
9961
9966
9982
9989
9995
9999

Cluster ID: 1 Includes the following data vectors: 
23
45
52
72
93
110
127
129
134
155
184
192
197
215
217
219
230
253
266
299
340
346
347
356
365
369
375
386
421
448
457
491
492
495
498
502
508
547
548
552
574
596
606
645
661
664
674
693
709
710
711
729
739
839
851
857
869
879
887
914
961
965
975
983
993
1033
1041
1073
1082
1089
1093
1094
1113
1121
1131
1153
1176
1188
1195
1197
1205
1212
1234
1239
1258
1273
1281
1285
1288
1303
1370
1376
1389
1395
1404
1405
1416
1443
1454
1462
1470
1471
1476
1534
1553
1560
1586
1587
1590
1612
1626
1629
1635
1637
1638
1653
1670
1675
1693
1740
1755
1757
1774
1794
1811
1819
1832
1871
1918
1959
1976
1982
2035
2056
2061
2067
2078
2081
2113
2116
2153
2174
2186
2190
2204
2209
2222
2282
2298
2305
2308
2333
2382
2395
2431
2461
2501
2515
2525
2543
2554
2558
2562
2573
2586
2606
2618
2620
2644
2648
2651
2682
2713
2731
2733
2750
2751
2764
2798
2832
2850
2869
2871
2884
2909
2921
2937
2951
2954
2955
2978
2986
2992
3028
3049
3064
3082
3095
3102
3130
3139
3140
3163
3183
3191
3193
3206
3210
3218
3219
3220
3224
3246
3252
3261
3330
3340
3342
3358
3372
3389
3409
3413
3424
3432
3442
3450
3470
3487
3537
3548
3549
3550
3555
3588
3590
3613
3619
3629
3633
3634
3646
3662
3681
3698
3716
3724
3738
3744
3748
3754
3782
3787
3797
3804
3811
3814
3825
3829
3833
3837
3845
3863
3868
3871
3877
3890
3892
3895
3902
3907
3952
3957
3961
3988
3989
3995
4002
4054
4058
4062
4063
4067
4081
4092
4146
4166
4196
4206
4211
4212
4222
4234
4236
4239
4242
4254
4256
4270
4281
4285
4300
4352
4356
4360
4366
4370
4375
4422
4494
4495
4501
4506
4513
4541
4581
4600
4605
4608
4613
4619
4620
4640
4672
4707
4762
4763
4771
4788
4807
4819
4824
4838
4839
4885
4890
4892
4894
4895
4902
4941
4950
4952
4960
4983
4997
5003
5020
5021
5033
5038
5041
5046
5049
5054
5059
5062
5067
5074
5078
5098
5099
5118
5131
5138
5140
5142
5143
5146
5150
5158
5160
5163
5167
5168
5170
5196
5197
5207
5212
5222
5223
5224
5225
5229
5248
5253
5257
5301
5307
5325
5351
5358
5359
5374
5398
5400
5408
5410
5418
5420
5432
5433
5435
5438
5445
5446
5451
5454
5468
5472
5473
5478
5479
5480
5489
5492
5494
5504
5526
5542
5562
5570
5573
5578
5586
5598
5618
5624
5628
5632
5633
5634
5662
5697
5742
5752
5760
5779
5797
5812
5818
5821
5836
5846
5847
5852
5855
5857
5860
5905
5907
5911
5925
6035
6067
6071
6077
6081
6093
6096
6112
6126
6142
6145
6146
6148
6155
6166
6177
6184
6186
6189
6194
6196
6204
6206
6209
6212
6213
6215
6216
6227
6236
6241
6244
6245
6248
6255
6257
6260
6262
6270
6275
6277
6282
6285
6291
6296
6304
6322
6327
6331
6341
6343
6368
6372
6404
6410
6414
6415
6440
6446
6450
6453
6454
6455
6467
6470
6473
6476
6483
6491
6494
6500
6501
6517
6518
6525
6535
6544
6548
6551
6557
6573
6588
6633
6638
6641
6643
6654
6657
6664
6667
6668
6669
6681
6704
6714
6722
6728
6736
6745
6749
6763
6767
6790
6823
6884
6908
6923
6925
6927
6930
6932
6940
6942
6950
6957
6964
6965
6970
6973
6975
6977
6978
6981
6982
6985
6991
7003
7006
7010
7018
7024
7026
7029
7031
7034
7035
7036
7040
7049
7060
7067
7075
7084
7086
7097
7099
7129
7131
7133
7134
7139
7140
7142
7161
7162
7168
7181
7193
7200
7207
7209
7211
7220
7231
7250
7258
7263
7265
7269
7274
7277
7282
7284
7287
7294
7297
7302
7304
7306
7309
7311
7313
7315
7324
7326
7329
7333
7337
7339
7349
7350
7351
7352
7365
7367
7369
7370
7371
7372
7374
7378
7381
7383
7388
7393
7396
7397
7398
7401
7403
7407
7428
7430
7431
7435
7440
7448
7449
7455
7466
7470
7475
7476
7479
7484
7485
7498
7501
7502
7506
7509
7511
7514
7516
7518
7519
7524
7526
7528
7529
7534
7536
7543
7545
7551
7552
7553
7554
7558
7559
7568
7587
7590
7595
7599
7602
7603
7604
7716
7724
7730
7732
7735
7740
7742
7750
7752
7755
7763
7765
7770
7771
7777
7793
7798
7804
7809
7829
7831
7845
7853
7862
7871
7872
7875
7878
7893
7919
7923
7932
7938
7948
7958
7988
7997
8034
8035
8038
8049
8050
8060
8062
8065
8072
8075
8082
8087
8089
8094
8104
8105
8107
8120
8130
8145
8149
8171
8180
8185
8192
8201
8206
8209
8214
8216
8223
8224
8254
8271
8318
8323
8325
8330
8357
8362
8386
8410
8429
8437
8453
8461
8473
8476
8486
8487
8502
8508
8524
8530
8531
8539
8547
8584
8585
8639
8676
8679
8684
8686
8699
8701
8702
8710
8711
8716
8722
8737
8741
8747
8752
8753
8761
8766
8774
8785
8788
8803
8813
8834
8835
8840
8845
8849
8855
8863
8867
8876
8878
8881
8889
8909
8913
8924
8939
8940
8944
8946
8957
8967
8970
8972
8975
8981
8987
9004
9006
9007
9010
9011
9022
9027
9032
9046
9055
9056
9114
9117
9160
9182
9192
9202
9217
9219
9227
9229
9231
9235
9238
9286
9298
9326
9331
9332
9338
9346
9360
9363
9365
9372
9385
9409
9410
9422
9427
9428
9430
9465
9468
9474
9478
9479
9482
9508
9524
9535
9542
9545
9548
9552
9558
9559
9561
9574
9575
9582
9583
9590
9596
9614
9617
9631
9633
9654
9656
9662
9666
9670
9681
9687
9688
9695
9697
9712
9716
9726
9727
9729
9736
9739
9742
9749
9750
9752
9758
9761
9762
9763
9768
9770
9786
9787
9790
9791
9797
9804
9807
9809
9812
9814
9815
9818
9824
9826
9828
9830
9832
9840
9841
9865
9870
9881
9885
9888
9893
9930
9936
9937
9942
9943
9951
9964
9965
9967
9970
9980
9988

Cluster ID: 1 Includes the following data vectors: 
5
89
107
137
190
202
224
228
237
249
256
280
306
321
331
354
388
396
404
452
455
456
467
477
480
506
512
520
523
582
609
613
615
624
635
643
741
745
767
775
816
828
836
837
840
848
867
891
907
922
964
977
996
1002
1019
1025
1029
1056
1076
1117
1120
1129
1174
1177
1181
1184
1187
1206
1211
1237
1240
1257
1283
1305
1318
1326
1335
1336
1349
1351
1372
1403
1409
1412
1431
1441
1474
1518
1551
1644
1646
1656
1660
1711
1716
1719
1729
1733
1741
1766
1817
1820
1838
1839
1842
1885
1900
1912
1915
1927
1945
1993
2016
2028
2051
2082
2085
2092
2093
2102
2126
2133
2135
2138
2157
2189
2191
2221
2235
2242
2258
2261
2273
2277
2296
2302
2327
2354
2362
2374
2390
2397
2406
2409
2412
2418
2429
2432
2433
2437
2446
2459
2475
2481
2500
2510
2513
2517
2524
2564
2578
2596
2598
2602
2607
2617
2625
2655
2719
2725
2734
2746
2753
2783
2789
2816
2838
2848
2852
2861
2862
2891
2911
2928
2940
2946
2949
2971
3026
3047
3055
3092
3096
3097
3099
3106
3128
3136
3151
3166
3195
3207
3211
3214
3225
3239
3244
3245
3250
3258
3262
3267
3272
3301
3318
3327
3337
3339
3351
3375
3386
3420
3433
3452
3471
3489
3494
3514
3562
3566
3577
3580
3593
3600
3605
3638
3644
3655
3658
3694
3696
3703
3713
3732
3733
3767
3785
3796
3808
3809
3838
3846
3848
3852
3858
3904
3925
3983
3986
4032
4038
4103
4126
4127
4135
4152
4167
4173
4178
4180
4185
4207
4247
4262
4267
4274
4297
4303
4308
4318
4350
4354
4371
4384
4385
4387
4401
4402
4409
4423
4427
4442
4451
4456
4476
4507
4523
4546
4549
4563
4564
4580
4582
4583
4589
4602
4606
4625
4632
4658
4666
4668
4674
4691
4705
4717
4732
4733
4734
4801
4805
4812
4837
4848
4872
4886
4889
4900
4905
4921
4928
4932
4951
4961
4964
4965
5005
5013
5014
5025
5036
5044
5052
5065
5068
5072
5075
5081
5090
5091
5092
5093
5112
5113
5128
5132
5148
5149
5166
5189
5192
5193
5208
5216
5217
5227
5232
5246
5252
5254
5258
5264
5266
5267
5281
5291
5300
5314
5316
5318
5323
5327
5350
5361
5387
5399
5406
5407
5416
5431
5442
5460
5461
5477
5486
5490
5499
5507
5515
5536
5716
5738
5745
5746
5759
5762
5780
5794
5809
5811
5839
5879
5921
5924
5931
6108
6115
6231
6233
6239
6254
6276
6278
6308
6320
6417
6430
6438
6445
6456
6468
6472
6482
6484
6502
6506
6515
6527
6556
6577
6601
6618
6622
6634
6644
6652
6661
6670
6673
6678
6680
6683
6688
6694
6700
6702
6712
6720
6726
6729
6733
6743
6748
6751
6757
6758
6783
6789
6810
6820
6828
6831
6849
6920
6948
6969
6976
7000
7005
7023
7030
7048
7053
7091
7109
7115
7123
7138
7150
7165
7167
7171
7173
7191
7217
7223
7226
7228
7232
7247
7253
7262
7353
7395
7399
7405
7411
7418
7422
7424
7432
7442
7447
7453
7463
7468
7480
7497
7500
7507
7517
7527
7556
7561
7563
7567
7574
7575
7581
7582
7591
7600
7606
7708
7728
7738
7748
7783
7784
7790
7802
7806
7811
7812
7822
7832
7839
7847
7856
7869
7881
7890
7896
7899
7900
7911
7916
7920
7928
7934
7944
7954
7969
7973
7980
7990
8003
8004
8005
8022
8045
8059
8069
8079
8099
8102
8106
8118
8128
8138
8159
8164
8166
8187
8219
8229
8231
8233
8239
8244
8252
8261
8268
8286
8289
8303
8305
8306
8324
8340
8344
8352
8360
8367
8390
8396
8416
8418
8420
8427
8432
8443
8672
8682
8692
8708
8720
8724
8729
8745
8758
8768
8776
8799
8809
8816
8819
8862
8873
8875
8887
8892
8905
8912
8914
8922
8930
8938
8971
8976
8979
8980
8986
8988
8995
9002
9003
9005
9015
9017
9025
9030
9039
9049
9051
9082
9097
9135
9145
9154
9168
9180
9190
9194
9200
9222
9233
9241
9249
9258
9485
9490
9509
9518
9520
9540
9556
9560
9564
9570
9591
9593
9594
9599
9602
9603
9612
9613
9622
9634
9641
9643
9645
9649
9651
9653
9657
9661
9674
9682
9686
9689
9696
9699
9703
9705
9715
9725
9735
9737
9744
9760
9772
9774
9792
9795
9796
9799
9802
9803
9810
9811
9817
9819
9836
9838
9844
9845
9846
9848
9849
9874
9876
9877
9878
9880
9887
9889
9896
9898
9903
9912
9923
9931
9946
9950
9955
9956
9969
9978
9994

Cluster ID: 1 Includes the following data vectors: 
9
20
34
61
64
73
78
79
92
121
139
144
146
152
171
218
242
260
317
325
355
391
420
428
436
444
447
458
464
466
468
474
486
510
511
555
578
579
580
583
601
605
617
626
670
673
676
685
692
694
761
779
805
813
827
829
846
853
856
874
880
908
924
950
998
1021
1024
1057
1063
1074
1087
1119
1159
1163
1167
1168
1178
1185
1194
1241
1268
1279
1312
1324
1386
1425
1473
1520
1524
1550
1556
1572
1575
1580
1581
1601
1634
1677
1680
1695
1727
1747
1770
1786
1814
1848
1849
1859
1865
1940
1941
1949
1992
2043
2044
2050
2052
2058
2074
2103
2119
2120
2123
2129
2149
2167
2193
2195
2202
2207
2241
2250
2271
2299
2314
2334
2361
2365
2377
2457
2474
2480
2487
2490
2507
2521
2546
2561
2581
2582
2610
2659
2671
2730
2736
2740
2744
2760
2790
2818
2828
2843
2849
2854
2855
2879
2888
2897
2935
2938
2975
3001
3007
3009
3012
3042
3066
3068
3072
3111
3125
3133
3194
3197
3202
3263
3277
3284
3308
3309
3311
3341
3343
3405
3406
3441
3444
3461
3467
3475
3477
3504
3511
3525
3551
3570
3573
3575
3576
3595
3627
3663
3707
3737
3753
3757
3760
3769
3806
3807
3826
3855
3869
3873
3891
3918
3960
3971
4016
4017
4071
4096
4099
4112
4117
4141
4142
4175
4218
4230
4233
4289
4305
4306
4307
4310
4364
4396
4398
4454
4455
4467
4468
4485
4487
4504
4514
4520
4540
4570
4609
4712
4748
4756
4761
4781
4793
4797
4809
4813
4855
4860
4868
4881
4911
4936
4946
4963
5011
5016
5023
5027
5032
5039
5040
5047
5048
5055
5058
5063
5064
5076
5077
5082
5084
5094
5096
5100
5101
5102
5103
5104
5106
5107
5110
5121
5122
5123
5126
5129
5144
5164
5174
5176
5183
5190
5198
5205
5226
5231
5247
5260
5261
5262
5268
5269
5278
5288
5298
5306
5312
5335
5343
5349
5360
5376
5379
5380
5394
5395
5419
5423
5426
5439
5440
5444
5448
5462
5471
5476
5496
5500
5564
5601
5701
5706
5729
5744
5751
5758
5765
5775
5792
6087
6095
6120
6136
6168
6173
6208
6265
6273
6284
6306
6317
6336
6433
6434
6435
6442
6448
6457
6458
6460
6464
6471
6474
6475
6477
6485
6488
6490
6492
6493
6495
6496
6503
6514
6516
6522
6523
6552
6555
6582
6587
6595
6609
6612
6617
6620
6626
6627
6631
6642
6645
6648
6649
6650
6653
6655
6656
6658
6659
6660
6663
6671
6672
6679
6682
6684
6686
6687
6689
6692
6699
6706
6708
6709
6710
6715
6718
6723
6724
6725
6730
6731
6734
6735
6737
6738
6739
6741
6747
6755
6756
6759
6761
6762
6765
6768
6769
6772
6776
6778
6780
6784
6787
6791
6793
6889
6904
6935
6945
6951
6954
6955
6958
6967
6972
6986
6988
6990
6995
6997
6999
7009
7011
7027
7033
7041
7045
7046
7047
7056
7057
7059
7061
7066
7070
7076
7077
7080
7081
7088
7090
7092
7094
7095
7096
7102
7107
7108
7111
7114
7117
7121
7124
7126
7127
7136
7137
7143
7145
7146
7149
7153
7155
7160
7164
7169
7170
7174
7186
7194
7198
7201
7204
7206
7208
7218
7230
7234
7236
7238
7243
7244
7248
7251
7254
7259
7260
7264
7267
7268
7316
7334
7338
7356
7357
7361
7375
7376
7377
7390
7391
7392
7394
7402
7408
7413
7414
7416
7417
7419
7420
7421
7423
7425
7426
7429
7433
7436
7437
7439
7444
7445
7450
7456
7457
7459
7464
7469
7471
7472
7473
7481
7487
7488
7489
7490
7491
7493
7494
7495
7504
7505
7510
7520
7523
7525
7530
7533
7535
7538
7539
7544
7550
7557
7560
7562
7565
7573
7579
7580
7589
7647
7648
7666
7718
7731
7736
7746
7751
7756
7759
7764
7775
7799
7808
7813
7818
7819
7837
7842
7849
7854
7861
7863
7874
7877
7879
7883
7901
7902
7903
7908
7910
7912
7915
7921
7924
7926
7927
7941
7957
7960
7961
7963
7971
7972
7974
7976
7978
7979
7984
7985
7998
7999
8008
8009
8011
8012
8015
8027
8030
8037
8039
8043
8046
8052
8054
8064
8121
8122
8131
8135
8141
8144
8147
8151
8155
8157
8173
8175
8176
8178
8181
8182
8183
8184
8189
8190
8193
8202
8204
8217
8218
8220
8222
8227
8230
8235
8236
8241
8242
8247
8249
8250
8253
8255
8257
8258
8264
8266
8269
8270
8276
8279
8280
8282
8285
8297
8298
8299
8300
8301
8309
8312
8314
8316
8317
8329
8364
8384
8387
8395
8405
8413
8440
8463
8505
8507
8556
8574
8609
8627
8661
8669
8696
8718
8735
8736
8762
8783
8802
8805
8806
8812
8822
8825
8826
8843
8853
8857
8866
8872
8877
8883
8885
8886
8891
8894
8897
8898
8906
8911
8917
8919
8925
8926
8927
8931
8932
8934
8941
8942
8945
8947
8953
8954
8956
8958
8960
8961
8962
8963
8964
8965
8977
8984
8985
8989
8993
8998
9000
9008
9012
9019
9020
9024
9026
9031
9033
9034
9036
9042
9047
9057
9183
9184
9186
9187
9188
9193
9196
9197
9198
9203
9204
9205
9206
9208
9211
9212
9213
9214
9216
9218
9224
9225
9228
9232
9237
9243
9245
9248
9250
9252
9253
9254
9255
9257
9260
9262
9263
9290
9349
9449
9462
9481
9496
9503
9506
9513
9516
9517
9523
9530
9533
9537
9538
9539
9541
9544
9553
9554
9557
9562
9563
9566
9572
9584
9588
9600
9605
9608
9609
9610
9616
9618
9619
9624
9629
9630
9640
9646
9650
9652
9659
9660
9664
9667
9669
9671
9672
9673
9676
9683
9694
9702
9708
9711
9713
9718
9721
9722
9723
9728
9731
9732
9733
9734
9738
9740
9741
9743
9745
9746
9748
9755
9759
9764
9765
9766
9767
9769
9771
9773
9780
9781
9783
9784
9785
9788
9789
9805
9813
9822
9835
9839
9861
9867
9868
9871
9879
9894
9895
9901
9905
9906
9910
9913
9915
9917
9919
9920
9922
9924
9925
9926
9927
9928
9944
9958
9968
9971
9973
9974
9975
9977
9997
9998

Cluster ID: 1 Includes the following data vectors: 
1
15
18
30
32
51
53
55
68
76
87
90
102
120
128
132
136
142
153
157
158
162
165
172
173
177
179
181
186
187
200
207
216
221
225
226
232
240
241
268
270
277
289
291
310
313
318
319
333
334
335
338
343
344
351
364
367
373
374
382
395
397
401
402
406
408
412
437
442
449
450
451
453
465
469
470
479
493
500
505
507
509
518
526
527
540
564
567
570
573
576
588
590
591
595
618
631
637
641
648
654
655
657
677
686
687
714
718
720
727
728
738
747
751
753
766
778
780
782
785
787
792
793
800
801
806
807
808
811
812
815
819
847
849
855
864
865
866
872
876
877
878
884
890
894
895
897
899
912
923
925
927
933
934
936
938
945
955
957
958
970
974
976
978
982
985
991
1003
1018
1020
1026
1028
1036
1042
1065
1066
1067
1069
1070
1095
1101
1102
1107
1109
1114
1118
1134
1144
1146
1150
1154
1166
1172
1182
1190
1202
1219
1229
1233
1235
1246
1247
1248
1252
1256
1267
1278
1284
1287
1290
1291
1315
1317
1319
1331
1334
1339
1340
1353
1354
1367
1371
1375
1383
1394
1398
1411
1415
1426
1432
1442
1446
1463
1464
1466
1479
1480
1489
1490
1499
1503
1510
1513
1514
1519
1521
1523
1525
1531
1539
1541
1558
1562
1567
1568
1588
1591
1598
1600
1604
1605
1608
1613
1615
1617
1619
1661
1663
1664
1683
1686
1690
1702
1717
1730
1731
1738
1742
1746
1749
1752
1758
1762
1765
1769
1771
1779
1789
1797
1798
1803
1804
1810
1813
1824
1827
1828
1833
1840
1845
1847
1866
1878
1882
1889
1893
1896
1899
1902
1910
1917
1923
1926
1928
1931
1953
1954
1955
1962
1967
1970
1973
1983
1997
1999
2008
2020
2025
2031
2032
2037
2045
2065
2069
2072
2073
2075
2076
2077
2083
2086
2099
2100
2105
2107
2108
2110
2111
2114
2128
2139
2142
2146
2151
2152
2162
2163
2168
2172
2177
2179
2180
2182
2188
2192
2198
2203
2208
2211
2213
2214
2219
2224
2229
2230
2237
2247
2255
2279
2280
2281
2284
2288
2291
2300
2303
2322
2346
2347
2349
2364
2378
2389
2392
2393
2400
2405
2408
2410
2413
2423
2425
2427
2439
2450
2451
2452
2454
2470
2476
2502
2511
2512
2518
2522
2526
2534
2540
2545
2549
2550
2551
2552
2555
2556
2559
2566
2569
2575
2579
2583
2587
2594
2597
2600
2604
2614
2616
2623
2624
2629
2632
2634
2636
2639
2652
2653
2656
2660
2663
2668
2670
2686
2712
2716
2723
2727
2745
2748
2756
2758
2767
2768
2773
2774
2775
2776
2780
2785
2794
2799
2807
2809
2810
2813
2814
2829
2834
2839
2840
2853
2865
2881
2893
2895
2896
2903
2906
2913
2922
2924
2931
2948
2952
2953
2956
2960
2970
2977
2991
3010
3015
3023
3045
3046
3053
3074
3080
3083
3085
3090
3091
3093
3100
3104
3108
3110
3112
3119
3120
3129
3131
3138
3150
3153
3157
3158
3171
3177
3180
3198
3199
3205
3217
3221
3229
3240
3248
3266
3275
3279
3280
3290
3295
3299
3312
3313
3317
3321
3322
3323
3326
3345
3348
3363
3364
3374
3390
3393
3407
3408
3414
3440
3443
3449
3456
3469
3473
3484
3486
3492
3493
3496
3499
3502
3506
3509
3510
3515
3521
3527
3528
3531
3558
3563
3565
3569
3579
3583
3591
3597
3611
3620
3626
3630
3631
3635
3642
3659
3670
3678
3691
3701
3708
3715
3740
3742
3756
3766
3772
3788
3794
3810
3812
3813
3816
3834
3839
3860
3882
3887
3897
3898
3906
3909
3910
3916
3917
3926
3928
3929
3934
3943
3944
3947
3949
3953
3965
3968
3987
4004
4011
4020
4026
4041
4044
4059
4068
4075
4080
4086
4087
4090
4097
4100
4109
4116
4120
4123
4124
4128
4136
4145
4156
4159
4162
4164
4219
4220
4226
4227
4244
4246
4253
4255
4260
4263
4271
4276
4277
4288
4290
4311
4315
4317
4330
4334
4338
4339
4340
4353
4361
4362
4372
4376
4378
4381
4390
4393
4397
4399
4406
4420
4429
4430
4434
4437
4440
4473
4478
4482
4486
4508
4518
4526
4528
4531
4532
4535
4536
4537
4543
4548
4552
4569
4572
4573
4586
4596
4621
4626
4629
4635
4637
4638
4647
4657
4664
4667
4671
4688
4689
4696
4703
4710
4714
4720
4726
4743
4744
4750
4758
4766
4770
4789
4792
4808
4817
4818
4820
4822
4828
4829
4831
4833
4841
4844
4845
4852
4854
4857
4867
4873
4887
4904
4922
4925
4939
4940
4942
4954
4959
4971
4973
4979
4981
4982
4986
4996
5000
5019
5028
5061
5152
5157
5181
5185
5187
5206
5214
5215
5273
5275
5283
5285
5293
5295
5302
5309
5328
5329
5330
5336
5339
5346
5347
5356
5364
5382
5389
5397
5401
5403
5434
5488
5493
5495
5505
5508
5510
5516
5518
5519
5521
5522
5528
5529
5530
5538
5541
5543
5547
5548
5555
5557
5567
5569
5571
5572
5574
5579
5583
5585
5589
5596
5606
5615
5616
5623
5625
5626
5635
5638
5648
5650
5674
5680
5682
5687
5700
5703
5708
5711
5717
5724
5726
5740
5747
5764
5766
5769
5777
5796
5802
5804
5807
5815
5833
5850
5862
5863
5864
5867
5874
5875
5876
5878
5881
5882
5885
5890
5892
5910
5922
5929
5935
5937
5940
5945
5947
5950
5955
5957
5960
5962
5964
5967
5972
5973
5976
5981
5982
5985
5995
5997
6001
6009
6011
6018
6023
6024
6028
6030
6034
6040
6042
6043
6045
6046
6049
6053
6056
6059
6061
6065
6070
6074
6075
6085
6090
6103
6107
6111
6116
6132
6137
6139
6150
6151
6153
6154
6160
6165
6174
6178
6199
6219
6226
6238
6272
6289
6290
6297
6299
6312
6314
6333
6348
6349
6358
6359
6365
6370
6371
6379
6381
6382
6383
6389
6405
6413
6421
6447
6465
6481
6504
6511
6624
6629
6636
6646
6665
6676
6690
6727
6794
6801
6803
6806
6811
6813
6816
6818
6821
6826
6832
6834
6838
6839
6840
6850
6851
6857
6860
6862
6863
6864
6866
6873
6875
6876
6879
6880
6882
6886
6894
6897
6907
6918
7004
7016
7055
7065
7103
7104
7119
7157
7185
7214
7215
7222
7233
7252
7257
7272
7292
7312
7379
7458
7478
7569
7586
7597
7610
7612
7615
7619
7620
7622
7623
7628
7630
7639
7643
7644
7649
7656
7659
7660
7663
7671
7672
7674
7676
7679
7691
7694
7698
7713
7714
7715
7719
7720
7745
7767
7774
7776
7788
7803
7805
7814
7823
7841
7936
7946
7956
7965
7968
7981
7983
7993
7995
8010
8014
8026
8032
8070
8080
8091
8115
8125
8140
8154
8156
8162
8167
8186
8215
8226
8246
8263
8272
8277
8290
8293
8296
8308
8328
8337
8346
8354
8366
8370
8379
8393
8397
8407
8411
8419
8430
8447
8451
8466
8471
8483
8485
8489
8494
8518
8522
8533
8551
8553
8561
8563
8566
8570
8571
8578
8581
8597
8598
8601
8603
8607
8624
8630
8632
8635
8643
8645
8652
8653
8655
8656
8660
8665
8667
8674
8689
8694
8703
8706
8713
8725
8726
8728
8756
8759
8777
8778
8780
8787
8801
8811
8821
8842
8854
8856
8860
8864
8903
8910
8916
9043
9059
9063
9065
9068
9072
9073
9075
9078
9083
9085
9088
9092
9100
9106
9107
9109
9110
9115
9118
9125
9126
9129
9131
9132
9139
9150
9156
9157
9159
9161
9163
9173
9175
9176
9177
9261
9271
9275
9280
9305
9307
9316
9321
9322
9330
9337
9354
9370
9375
9380
9390
9391
9394
9398
9400
9402
9418
9420
9429
9431
9445
9450
9452
9460
9491
9501
9511
9579
9581
9604
9707
9717
9820
9821
9847
9855
9860
9872
9882
9941
9985
9986
9991
9996

Cluster ID: 1 Includes the following data vectors: 
0
6
12
17
36
41
70
75
86
109
118
124
133
206
223
229
233
234
254
255
263
273
281
282
301
304
307
308
328
337
362
370
383
389
394
403
413
415
417
426
435
438
460
471
488
494
550
554
557
558
560
565
572
575
593
598
636
638
639
651
659
666
679
702
705
707
746
752
756
758
759
765
810
822
825
832
833
852
859
882
911
917
941
946
953
962
966
987
1000
1005
1006
1015
1055
1058
1062
1071
1088
1100
1104
1105
1110
1111
1126
1127
1133
1141
1143
1152
1156
1169
1171
1173
1175
1183
1216
1217
1228
1244
1270
1321
1322
1328
1346
1347
1359
1366
1369
1396
1401
1423
1439
1452
1455
1477
1497
1498
1507
1508
1530
1532
1543
1544
1547
1554
1563
1564
1566
1576
1592
1595
1597
1606
1618
1624
1647
1648
1672
1681
1697
1703
1705
1710
1721
1734
1745
1761
1776
1784
1792
1799
1806
1809
1850
1864
1881
1894
1906
1919
1925
1933
1935
1950
1966
1975
2019
2021
2036
2053
2054
2059
2070
2080
2094
2095
2130
2132
2141
2143
2147
2159
2173
2187
2196
2205
2212
2218
2220
2223
2232
2234
2238
2243
2244
2252
2262
2268
2270
2275
2278
2285
2290
2301
2306
2307
2332
2336
2345
2373
2381
2386
2399
2407
2438
2442
2447
2448
2456
2463
2472
2482
2484
2497
2537
2539
2544
2547
2548
2563
2567
2570
2577
2591
2595
2603
2615
2622
2628
2633
2642
2646
2666
2715
2720
2755
2769
2808
2820
2837
2841
2844
2874
2875
2883
2887
2890
2898
2915
2916
2923
2958
2961
2967
2968
2979
2993
3008
3040
3054
3059
3061
3079
3084
3086
3098
3101
3107
3155
3161
3162
3188
3204
3208
3249
3289
3294
3296
3303
3319
3328
3336
3349
3352
3360
3361
3366
3376
3378
3392
3399
3400
3411
3423
3425
3426
3429
3451
3463
3505
3529
3553
3572
3587
3609
3616
3618
3632
3637
3643
3647
3666
3667
3687
3692
3700
3718
3719
3721
3728
3736
3743
3798
3799
3831
3842
3857
3872
3874
3878
3889
3915
3927
3936
3954
3955
3969
3970
3973
3985
3993
3994
3997
4001
4009
4024
4028
4049
4056
4061
4064
4073
4083
4089
4101
4107
4108
4119
4129
4130
4134
4143
4174
4184
4198
4214
4215
4225
4228
4295
4299
4314
4322
4325
4332
4358
4359
4382
4407
4410
4424
4453
4459
4460
4471
4489
4493
4521
4534
4539
4561
4568
4584
4612
4624
4644
4648
4660
4669
4673
4677
4695
4697
4706
4731
4736
4747
4752
4760
4767
4772
4773
4784
4785
4786
4794
4795
4800
4803
4810
4811
4815
4835
4843
4856
4861
4863
4865
4884
4901
4913
4947
4970
4975
4978
4989
4991
4993
5002
5009
5022
5026
5029
5042
5050
5060
5070
5071
5073
5080
5097
5114
5130
5135
5137
5154
5159
5162
5172
5177
5179
5180
5182
5219
5233
5234
5238
5240
5242
5274
5277
5287
5297
5299
5310
5311
5313
5315
5317
5324
5326
5334
5355
5362
5363
5365
5371
5372
5375
5402
5404
5412
5414
5424
5425
5429
5437
5447
5465
5466
5482
5485
5491
5498
5503
5512
5532
5533
5540
5546
5549
5551
5560
5563
5576
5600
5602
5612
5645
5649
5654
5655
5657
5663
5670
5671
5688
5709
5714
5728
5730
5753
5757
5774
5781
5787
5789
5790
5795
5798
5805
5808
5813
5842
5845
5854
5856
5858
5861
5866
5868
5871
5903
5906
5914
6017
6069
6079
6089
6098
6105
6119
6121
6149
6158
6164
6170
6171
6185
6188
6190
6198
6205
6210
6214
6221
6223
6230
6235
6242
6243
6247
6249
6253
6263
6267
6269
6292
6295
6302
6303
6307
6316
6318
6339
6346
6361
6364
6366
6377
6401
6411
6427
6436
6441
6443
6449
6451
6452
6487
6507
6508
6512
6520
6524
6539
6565
6586
6589
6597
6603
6606
6640
6647
6666
6674
6696
6697
6805
6807
6815
6817
6825
6830
6837
6845
6852
6853
6856
6858
6859
6871
6874
6888
6895
6898
6903
6919
6931
6934
6941
6944
6946
6956
6960
6963
6974
6980
6983
6984
6992
6996
6998
7021
7025
7028
7032
7043
7044
7069
7071
7079
7082
7085
7089
7098
7101
7106
7118
7125
7128
7130
7132
7141
7144
7148
7180
7189
7197
7199
7219
7224
7227
7242
7246
7256
7273
7276
7278
7286
7288
7296
7298
7300
7301
7307
7320
7332
7336
7341
7355
7360
7362
7366
7380
7382
7384
7460
7462
7467
7477
7492
7496
7499
7513
7515
7571
7584
7592
7594
7598
7605
7614
7632
7634
7645
7650
7651
7652
7654
7677
7680
7682
7697
7700
7701
7707
7734
7741
7744
7754
7757
7760
7766
7769
7786
7795
7796
7801
7807
7825
7827
7828
7833
7834
7844
7852
7864
7865
7867
7884
7892
7895
7931
7940
7942
7947
7950
7951
7952
7962
7964
7966
7982
7991
8001
8002
8006
8017
8028
8033
8044
8051
8053
8066
8074
8076
8084
8093
8101
8109
8110
8124
8134
8136
8146
8150
8188
8203
8207
8234
8248
8265
8267
8274
8284
8294
8302
8304
8313
8319
8321
8322
8334
8350
8356
8358
8369
8372
8375
8378
8391
8398
8401
8402
8403
8421
8422
8428
8436
8455
8462
8465
8475
8477
8480
8497
8503
8504
8506
8510
8512
8519
8525
8541
8555
8565
8591
8606
8617
8620
8631
8638
8641
8651
8654
8670
8678
8680
8688
8690
8695
8698
8700
8705
8717
8723
8727
8733
8734
8742
8743
8749
8751
8767
8773
8781
8782
8784
8786
8791
8796
8807
8815
8817
8827
8833
8836
8837
8839
8841
8846
8861
8871
8874
8879
8893
8899
8900
8904
8918
8920
8928
8933
8935
8949
8955
8959
8974
8994
9028
9044
9054
9101
9142
9147
9153
9165
9169
9242
9270
9279
9285
9287
9288
9289
9292
9293
9294
9299
9314
9315
9327
9328
9329
9340
9357
9362
9374
9384
9386
9393
9413
9447
9448
9458
9463
9466
9469
9483
9486
9495
9497
9505
9507
9512
9515
9534
9536
9543
9546
9550
9567
9571
9573
9576
9580
9586
9587
9592
9620
9628
9637
9638
9639
9642
9644
9668
9684
9690
9692
9806
9816
9823
9825
9829
9837
9851
9859
9864
9869
9884
9899
9909
9914
9916
9918
9929
9935
9945
9957
9960
9963
9972
9979
9987
9990
9992

Cluster ID: 1 Includes the following data vectors: 
3
10
13
25
28
69
71
101
126
148
183
188
194
246
259
269
271
294
296
297
305
311
312
327
352
372
380
407
424
440
441
445
459
485
490
514
525
545
546
561
581
586
592
597
608
611
620
642
644
656
701
704
713
721
742
750
763
794
804
821
845
854
871
896
904
932
939
972
981
997
1001
1009
1034
1047
1061
1084
1148
1203
1218
1220
1223
1231
1261
1271
1294
1297
1333
1352
1379
1390
1399
1408
1438
1445
1457
1468
1487
1504
1517
1526
1533
1535
1565
1570
1589
1610
1616
1621
1623
1650
1692
1700
1708
1712
1713
1723
1726
1739
1748
1764
1768
1775
1777
1796
1807
1808
1826
1841
1870
1892
1898
1907
1944
1972
1984
1987
1995
2023
2033
2042
2047
2060
2087
2096
2098
2106
2115
2127
2155
2178
2215
2217
2226
2236
2272
2294
2295
2304
2318
2326
2328
2329
2351
2370
2376
2384
2385
2396
2403
2417
2435
2455
2462
2479
2485
2492
2506
2527
2531
2535
2536
2542
2557
2568
2592
2593
2619
2627
2638
2641
2649
2657
2687
2703
2707
2714
2717
2747
2761
2763
2765
2777
2779
2802
2811
2817
2821
2824
2842
2873
2894
2899
2932
2942
2962
2972
2988
2996
2999
3013
3016
3020
3032
3043
3044
3052
3077
3087
3170
3178
3179
3185
3215
3226
3242
3251
3265
3269
3271
3297
3306
3310
3315
3325
3346
3347
3359
3368
3371
3401
3412
3417
3439
3445
3446
3458
3479
3481
3512
3536
3540
3581
3584
3608
3624
3650
3660
3677
3680
3695
3706
3727
3734
3735
3764
3768
3774
3790
3801
3803
3805
3818
3830
3847
3849
3853
3864
3867
3870
3883
3903
3911
3940
3942
3959
3980
3982
4023
4033
4034
4043
4048
4070
4079
4082
4091
4150
4151
4155
4157
4186
4188
4208
4241
4278
4282
4286
4320
4327
4329
4343
4348
4351
4365
4392
4403
4404
4415
4432
4447
4448
4457
4462
4470
4515
4527
4542
4554
4604
4611
4614
4617
4618
4628
4631
4641
4650
4675
4686
4718
4724
4739
4741
4757
4776
4780
4804
4834
4862
4880
4891
4923
4935
4937
4957
4958
4992
4999
5006
5008
5031
5035
5043
5051
5069
5079
5087
5108
5109
5124
5133
5136
5139
5141
5147
5155
5165
5241
5243
5244
5249
5251
5255
5259
5270
5280
5290
5305
5320
5321
5337
5342
5353
5368
5369
5405
5415
5428
5430
5443
5450
5452
5459
5463
5470
5483
5513
5531
5554
5584
5592
5593
5603
5613
5652
5653
5659
5669
5673
5684
5685
5686
5695
5718
5721
5731
5737
5750
5756
5778
5791
5801
5806
5827
5828
5830
5838
5843
5865
5870
5899
5912
5918
5930
5932
5942
5952
5965
5980
5987
5990
5993
6003
6015
6016
6062
6072
6080
6082
6091
6097
6099
6114
6117
6124
6127
6129
6131
6133
6140
6157
6161
6163
6172
6181
6191
6201
6211
6250
6259
6264
6280
6286
6287
6288
6293
6309
6319
6328
6342
6344
6351
6386
6398
6424
6426
6429
6437
6444
6461
6478
6489
6505
6510
6526
6532
6546
6567
6580
6583
6590
6602
6621
6691
6701
6711
6719
6740
6750
6752
6753
6760
6766
6770
6779
6781
6782
6786
6795
6798
6808
6833
6835
6841
6843
6877
6892
6921
6937
6947
6959
6968
6971
6979
7037
7052
7062
7072
7112
7175
7190
7202
7203
7221
7225
7255
7261
7279
7289
7317
7330
7342
7368
7385
7410
7446
7452
7465
7537
7555
7566
7593
7601
7607
7617
7625
7637
7646
7655
7683
7687
7688
7693
7699
7702
7703
7706
7723
7727
7737
7747
7780
7782
7791
7810
7817
7820
7830
7835
7838
7846
7851
7855
7860
7866
7868
7873
7882
7887
7889
7898
7907
7913
7933
7943
7953
7967
7987
7989
8007
8016
8021
8023
8029
8055
8056
8057
8067
8077
8085
8097
8098
8111
8114
8117
8127
8137
8152
8163
8172
8179
8194
8195
8196
8197
8199
8212
8221
8228
8243
8251
8260
8273
8283
8307
8335
8338
8342
8343
8351
8359
8373
8382
8388
8389
8414
8425
8448
8456
8458
8468
8481
8490
8496
8501
8513
8514
8528
8535
8548
8558
8567
8576
8587
8595
8602
8611
8614
8619
8621
8629
8634
8657
8671
8681
8691
8730
8731
8738
8748
8763
8764
8765
8772
8795
8798
8808
8818
8851
8858
8859
8865
8868
8895
8921
8929
8951
8978
8983
8991
8992
8999
9037
9038
9052
9060
9070
9080
9095
9105
9134
9137
9158
9162
9167
9174
9179
9189
9199
9220
9221
9223
9230
9236
9239
9244
9264
9273
9281
9296
9297
9310
9311
9325
9339
9352
9358
9367
9377
9387
9396
9405
9414
9425
9436
9439
9440
9455
9457
9459
9488
9498
9519
9527
9528
9585
9601
9611
9621
9647
9648
9663
9704
9714
9719
9724
9751
9753
9757
9779
9800
9801
9850
9897
9902
9911
9939
9940
9948
9952
9953
9954
9962
9983
9993

Cluster ID: 1 Includes the following data vectors: 
7
21
38
43
44
46
47
50
59
62
63
65
77
96
100
112
114
115
116
122
140
149
159
166
167
182
189
191
195
205
211
227
231
236
243
244
245
247
257
264
283
286
300
303
309
316
323
324
326
341
358
368
371
376
381
387
429
431
432
433
439
443
478
483
497
499
515
519
521
524
528
530
531
532
538
542
543
563
566
569
577
594
603
604
610
619
621
627
629
646
649
650
669
683
684
688
689
699
724
726
734
743
760
769
774
781
786
795
797
814
830
834
842
844
870
883
885
902
909
915
919
935
943
944
952
956
959
968
969
980
990
994
1007
1012
1014
1032
1039
1044
1045
1046
1050
1068
1072
1077
1078
1085
1092
1098
1099
1108
1115
1116
1122
1124
1138
1151
1155
1157
1192
1196
1198
1200
1208
1209
1215
1224
1225
1226
1227
1232
1242
1243
1249
1250
1251
1259
1262
1265
1269
1274
1275
1286
1289
1293
1296
1298
1310
1320
1343
1344
1345
1355
1356
1363
1364
1374
1378
1384
1393
1400
1402
1406
1410
1414
1433
1436
1437
1440
1447
1460
1465
1469
1472
1475
1478
1482
1493
1494
1495
1502
1522
1527
1537
1538
1549
1557
1559
1569
1571
1573
1579
1583
1584
1593
1602
1607
1611
1614
1628
1636
1639
1651
1654
1669
1676
1678
1688
1689
1691
1694
1696
1698
1701
1709
1722
1725
1735
1737
1750
1751
1756
1759
1763
1772
1785
1788
1822
1823
1837
1846
1851
1852
1855
1856
1860
1862
1868
1874
1877
1879
1886
1888
1901
1903
1904
1908
1911
1913
1914
1916
1920
1929
1937
1938
1942
1943
1946
1948
1951
1952
1960
1961
1965
1969
1977
1981
1985
1989
1990
2000
2002
2003
2004
2010
2011
2024
2029
2049
2064
2066
2079
2089
2090
2109
2112
2118
2122
2125
2131
2134
2160
2166
2185
2197
2199
2200
2206
2210
2225
2246
2254
2289
2297
2309
2312
2320
2339
2348
2367
2388
2419
2422
2424
2426
2430
2441
2449
2453
2466
2467
2488
2496
2504
2508
2509
2514
2520
2523
2530
2532
2533
2560
2571
2574
2580
2584
2611
2635
2640
2650
2658
2667
2677
2681
2684
2689
2690
2691
2694
2695
2698
2699
2708
2710
2721
2724
2732
2735
2739
2743
2762
2766
2770
2771
2772
2778
2793
2796
2823
2835
2856
2859
2863
2866
2877
2901
2902
2905
2914
2917
2919
2920
2925
2927
2930
2933
2944
2945
2947
2957
2959
2964
2969
2985
2987
2989
2994
2995
3000
3002
3018
3029
3030
3051
3060
3062
3063
3065
3078
3089
3094
3103
3109
3113
3114
3115
3117
3123
3124
3127
3135
3141
3146
3159
3160
3173
3176
3186
3189
3213
3216
3222
3236
3238
3243
3254
3274
3283
3285
3298
3300
3302
3304
3305
3324
3334
3335
3344
3350
3365
3377
3381
3384
3388
3391
3398
3427
3428
3436
3437
3448
3466
3474
3476
3490
3503
3516
3518
3519
3543
3544
3552
3556
3557
3559
3561
3564
3567
3571
3574
3578
3598
3599
3617
3623
3640
3654
3672
3674
3685
3686
3688
3690
3702
3704
3710
3717
3725
3726
3739
3746
3762
3771
3773
3776
3778
3781
3795
3800
3824
3832
3862
3876
3880
3893
3896
3901
3905
3908
3931
3938
3941
3951
3962
3967
3972
3977
3978
3991
3998
4007
4018
4019
4027
4029
4030
4031
4037
4047
4052
4053
4065
4072
4076
4084
4094
4106
4114
4118
4121
4132
4137
4140
4163
4165
4187
4194
4197
4199
4201
4202
4203
4209
4224
4231
4238
4243
4248
4251
4252
4259
4265
4280
4284
4302
4313
4316
4323
4335
4336
4341
4344
4347
4355
4368
4369
4380
4389
4400
4411
4412
4413
4419
4426
4431
4433
4435
4438
4443
4449
4452
4461
4463
4469
4472
4477
4481
4483
4488
4491
4492
4496
4498
4500
4509
4512
4529
4530
4545
4556
4565
4566
4567
4577
4579
4594
4599
4607
4622
4630
4634
4642
4649
4656
4665
4682
4699
4702
4704
4711
4722
4723
4727
4728
4737
4738
4740
4742
4749
4751
4753
4755
4777
4782
4790
4796
4798
4802
4816
4823
4827
4830
4832
4836
4849
4850
4851
4876
4878
4879
4883
4888
4893
4897
4898
4899
4907
4909
4918
4929
4943
4948
4969
4985
4987
4990
4998
5053
5056
5083
5111
5134
5173
5184
5188
5194
5204
5209
5228
5236
5237
5245
5322
5331
5348
5357
5391
5396
5413
5457
5525
5577
5597
5607
5608
5611
5617
5621
5622
5631
5642
5656
5658
5664
5675
5676
5678
5696
5698
5710
5720
5735
5803
5819
5841
5851
5853
5877
5886
5901
5904
5913
5916
5920
5923
5939
5951
5959
5961
5975
5978
5989
6005
6006
6008
6019
6020
6021
6026
6033
6037
6039
6048
6050
6052
6298
6347
6376
6393
6396
6403
6418
6420
6480
6486
6530
6537
6542
6553
6554
6558
6560
6561
6563
6564
6568
6569
6570
6571
6575
6576
6578
6592
6593
6596
6598
6599
6600
6605
6607
6608
6610
6611
6625
6632
6637
6639
6651
6662
6677
6695
6716
6721
6732
6744
6746
6775
6785
6788
6800
6827
6836
6844
6867
6878
6885
6899
6900
6905
6906
6910
6912
6914
6922
6924
6926
6952
7064
7083
7135
7177
7178
7179
7187
7195
7210
7216
7240
7241
7249
7275
7427
7434
7441
7451
7454
7474
7521
7531
7541
7542
7546
7549
7577
7578
7583
7588
7631
7633
7642
7673
7675
7689
7690
7692
7711
7826
7859
7870
7888
7918
7996
8071
8092
8095
8119
8132
8142
8158
8160
8165
8168
8170
8198
8232
8262
8275
8278
8281
8310
8327
8331
8339
8348
8353
8381
8408
8412
8415
8435
8444
8445
8492
8618
8649
8823
8847
8948
8952
8982
9013
9016
9035
9234
9283
9304
9308
9319
9342
9351
9433
9446
9456
9595
9606
9607
9626
9627
9632
9636
9655
9675
9677
9679
9680
9685
9691
9693
9698
9700
9709
9747
9754
9777
9793
9808
9827
9833
9834
9842
9843
9852
9854
9856
9857
9858
9862
9863
9875
9886
9890
9891
9892
9900
9904
9907
9908
9934
9938
9959
9976
9981

Cluster ID: 1 Includes the following data vectors: 
4
16
19
24
26
27
42
48
49
56
58
60
67
80
83
84
85
95
99
103
104
105
108
113
117
125
141
150
151
160
163
169
170
185
193
198
209
210
212
214
220
235
238
248
250
252
262
274
275
284
287
290
292
295
315
322
336
349
359
360
379
398
399
405
410
414
422
425
434
454
475
481
482
484
487
496
501
522
533
535
541
544
556
562
571
585
589
599
616
622
628
630
634
658
660
662
668
671
678
681
691
697
698
703
706
708
712
719
722
723
730
733
736
740
748
757
762
770
771
773
776
784
788
789
791
802
803
838
841
843
862
881
893
901
906
910
913
916
928
931
947
951
954
971
992
999
1010
1013
1017
1022
1023
1043
1048
1051
1052
1059
1060
1080
1081
1086
1090
1096
1103
1125
1128
1130
1140
1142
1145
1147
1149
1158
1160
1164
1165
1170
1186
1204
1221
1222
1230
1253
1255
1263
1264
1272
1276
1277
1282
1299
1300
1301
1304
1306
1308
1309
1311
1313
1314
1323
1325
1327
1330
1342
1357
1380
1382
1385
1391
1413
1417
1418
1419
1421
1422
1427
1428
1429
1435
1444
1449
1453
1461
1467
1481
1486
1488
1492
1496
1501
1509
1511
1512
1516
1529
1540
1542
1545
1552
1561
1594
1596
1599
1622
1625
1631
1640
1641
1645
1649
1652
1655
1665
1666
1668
1671
1679
1699
1706
1714
1718
1720
1724
1732
1743
1767
1778
1781
1782
1783
1787
1790
1793
1801
1805
1812
1815
1816
1821
1825
1853
1869
1872
1873
1875
1883
1887
1924
1956
1958
1963
1964
1978
1979
1980
1998
2001
2007
2009
2012
2014
2022
2030
2040
2046
2048
2068
2084
2088
2091
2104
2117
2124
2148
2161
2165
2169
2181
2201
2216
2227
2233
2240
2249
2251
2256
2257
2259
2263
2264
2265
2274
2292
2310
2313
2317
2323
2330
2338
2340
2341
2342
2344
2363
2368
2369
2371
2372
2375
2394
2401
2402
2420
2436
2440
2443
2445
2460
2464
2477
2478
2489
2493
2494
2498
2499
2505
2516
2528
2538
2565
2585
2588
2589
2605
2613
2630
2637
2645
2673
2675
2678
2680
2683
2685
2692
2696
2697
2700
2701
2709
2742
2749
2781
2792
2797
2800
2804
2805
2806
2812
2819
2833
2836
2845
2847
2851
2857
2858
2870
2872
2882
2886
2889
2892
2900
2907
2908
2926
2929
2934
2936
2939
2941
2963
2966
2973
2983
2990
2998
3006
3011
3017
3022
3024
3025
3033
3034
3038
3041
3056
3069
3075
3076
3122
3137
3145
3147
3149
3154
3165
3168
3169
3172
3174
3184
3190
3192
3200
3228
3232
3233
3234
3235
3241
3247
3278
3282
3286
3287
3288
3291
3292
3316
3332
3333
3338
3356
3357
3370
3373
3385
3387
3397
3404
3410
3416
3431
3459
3460
3462
3465
3468
3472
3478
3483
3485
3491
3495
3497
3498
3500
3501
3507
3517
3520
3523
3526
3530
3533
3534
3535
3538
3541
3568
3585
3589
3592
3594
3596
3604
3607
3610
3612
3615
3621
3636
3645
3653
3656
3664
3676
3684
3693
3709
3711
3720
3722
3730
3749
3750
3752
3755
3758
3759
3763
3770
3783
3791
3792
3793
3819
3820
3821
3828
3836
3840
3841
3850
3854
3856
3859
3861
3865
3875
3879
3881
3885
3888
3920
3924
3950
3956
3964
3966
3981
3992
3996
3999
4000
4012
4015
4040
4042
4046
4060
4088
4093
4095
4102
4122
4148
4154
4158
4172
4177
4182
4183
4192
4200
4210
4213
4217
4221
4223
4229
4235
4237
4240
4245
4257
4258
4261
4266
4268
4269
4272
4283
4287
4291
4293
4294
4298
4301
4309
4319
4321
4324
4333
4357
4363
4373
4377
4379
4383
4391
4405
4408
4414
4417
4421
4425
4436
4444
4458
4465
4474
4475
4479
4480
4490
4497
4502
4505
4511
4519
4522
4544
4550
4551
4553
4555
4560
4576
4578
4585
4590
4592
4593
4598
4601
4610
4616
4623
4633
4639
4645
4652
4654
4659
4661
4662
4663
4678
4679
4681
4683
4690
4692
4693
4700
4701
4715
4721
4730
4735
4745
4746
4768
4769
4783
4791
4799
4814
4821
4825
4826
4840
4842
4846
4866
4896
4906
4910
4912
4915
4916
4919
4933
4938
4945
4955
4956
4967
4968
4974
4976
4988
4994
5001
5004
5015
5017
5151
5169
5175
5178
5191
5195
5200
5201
5202
5210
5220
5239
5256
5279
5284
5289
5294
5319
5333
5344
5345
5352
5373
5377
5386
5388
5393
5422
5456
5464
5474
5509
5517
5523
5527
5537
5559
5561
5565
5575
5580
5582
5587
5610
5620
5627
5639
5640
5644
5647
5668
5672
5683
5704
5705
5707
5713
5719
5725
5734
5741
5754
5773
5782
5784
5800
5816
5817
5822
5824
5825
5832
5835
5837
5869
5887
5894
5897
5900
5908
5919
5926
5927
5936
5941
5946
5949
5956
5968
5969
5971
5977
5979
5986
5988
5992
5996
5999
6000
6004
6007
6013
6022
6025
6032
6047
6054
6055
6066
6076
6086
6100
6102
6138
6143
6144
6147
6152
6169
6175
6176
6195
6200
6220
6228
6251
6256
6268
6271
6300
6313
6323
6326
6332
6335
6353
6360
6362
6363
6367
6369
6373
6378
6380
6394
6395
6409
6416
6422
6432
6529
6536
6543
6547
6559
6579
6585
6619
6705
6742
6802
6812
6822
6855
6861
6865
6870
6887
6890
6909
6911
6915
6916
6936
7008
7182
7212
7235
7283
7293
7318
7322
7347
7611
7616
7621
7624
7629
7640
7641
7653
7657
7662
7664
7669
7695
7696
7704
7726
7836
7857
7885
7886
7937
8126
8205
8210
8213
8259
8288
8332
8347
8355
8363
8371
8374
8383
8392
8400
8404
8406
8417
8426
8431
8434
8442
8452
8457
8467
8472
8479
8484
8500
8511
8520
8523
8527
8529
8534
8537
8552
8557
8562
8573
8577
8582
8583
8589
8590
8593
8596
8599
8608
8610
8613
8616
8623
8626
8640
8642
8662
8663
8664
8675
8685
8709
8750
8754
8755
8757
8770
8775
8790
8797
8829
8832
8882
9023
9064
9067
9069
9074
9077
9079
9084
9087
9089
9093
9094
9098
9099
9102
9104
9108
9113
9116
9119
9128
9133
9136
9141
9144
9151
9152
9164
9166
9170
9172
9267
9268
9272
9276
9277
9284
9300
9302
9320
9323
9333
9344
9347
9350
9353
9371
9376
9381
9382
9397
9399
9404
9406
9408
9411
9412
9416
9419
9423
9432
9451
9453
9467
9471
9472
9473
9484
9492
9493
9502
9522
9525
9526
9551
9565
9615
9625
9701
9866
9932

